<?xml version="1.0" encoding="UTF-8"?>
<testng-results skipped="0" failed="0" ignored="0" total="2" passed="2">
  <reporter-output>
  </reporter-output>
  <suite name="Internetbanking Testing" duration-ms="189888" started-at="2020-04-30T20:59:56 EDT" finished-at="2020-04-30T21:03:06 EDT">
    <groups>
    </groups>
    <test name="Banking Test" duration-ms="189888" started-at="2020-04-30T20:59:56 EDT" finished-at="2020-04-30T21:03:06 EDT">
      <class name="TestCases.TC_LoginTest_001">
        <test-method status="PASS" signature="setup(java.lang.String)[pri:0, instance:TestCases.TC_LoginTest_001@66a3ffec]" name="setup" is-config="true" duration-ms="61082" started-at="2020-04-30T20:59:56 EDT" finished-at="2020-04-30T21:00:57 EDT">
          <params>
            <param index="0">
              <value>
                <![CDATA[chrome]]>
              </value>
            </param>
          </params>
          <reporter-output>
          </reporter-output>
        </test-method> <!-- setup -->
        <test-method status="PASS" signature="loginTest()[pri:0, instance:TestCases.TC_LoginTest_001@66a3ffec]" name="loginTest" duration-ms="1644" started-at="2020-04-30T21:00:57 EDT" finished-at="2020-04-30T21:00:59 EDT">
          <reporter-output>
          </reporter-output>
        </test-method> <!-- loginTest -->
        <test-method status="PASS" signature="terdown()[pri:0, instance:TestCases.TC_LoginTest_001@66a3ffec]" name="terdown" is-config="true" duration-ms="1147" started-at="2020-04-30T21:00:59 EDT" finished-at="2020-04-30T21:01:00 EDT">
          <reporter-output>
          </reporter-output>
        </test-method> <!-- terdown -->
      </class> <!-- TestCases.TC_LoginTest_001 -->
      <class name="TestCases.TC_AddCustomerTest_003">
        <test-method status="PASS" signature="setup(java.lang.String)[pri:0, instance:TestCases.TC_AddCustomerTest_003@77caeb3e]" name="setup" is-config="true" duration-ms="109077" started-at="2020-04-30T21:01:00 EDT" finished-at="2020-04-30T21:02:49 EDT">
          <params>
            <param index="0">
              <value>
                <![CDATA[chrome]]>
              </value>
            </param>
          </params>
          <reporter-output>
          </reporter-output>
        </test-method> <!-- setup -->
        <test-method status="PASS" signature="addNewCustomer()[pri:0, instance:TestCases.TC_AddCustomerTest_003@77caeb3e]" name="addNewCustomer" duration-ms="15702" started-at="2020-04-30T21:02:49 EDT" finished-at="2020-04-30T21:03:05 EDT">
          <reporter-output>
          </reporter-output>
        </test-method> <!-- addNewCustomer -->
        <test-method status="PASS" signature="terdown()[pri:0, instance:TestCases.TC_AddCustomerTest_003@77caeb3e]" name="terdown" is-config="true" duration-ms="993" started-at="2020-04-30T21:03:05 EDT" finished-at="2020-04-30T21:03:06 EDT">
          <reporter-output>
          </reporter-output>
        </test-method> <!-- terdown -->
      </class> <!-- TestCases.TC_AddCustomerTest_003 -->
    </test> <!-- Banking Test -->
  </suite> <!-- Internetbanking Testing -->
</testng-results>
